{"status": "failed", "description": " Checking if the designated obstacle is between lucys grippers.\n        ", "labels": [{"name": "parentSuite", "value": "tests"}, {"name": "suite", "value": "pick_test"}, {"name": "subSuite", "value": "TestPickAction"}, {"name": "host", "value": "Hyper-Dock"}, {"name": "thread", "value": "24589-MainThread"}, {"name": "framework", "value": "pytest"}, {"name": "language", "value": "cpython2"}, {"name": "package", "value": "tests.pick_test"}], "stop": 1607980359743, "uuid": "272211d5-9f28-4564-ab91-c9f297024e75", "historyId": "111d6d3d288d144e2d2601e611b93222", "name": "test_object_final_position", "start": 1607980359713, "fullName": "tests.pick_test.TestPickAction#test_object_final_position", "statusDetails": {"message": "AssertionError: assert 0.755 <= 0.171", "trace": "self = <tests.pick_test.TestPickAction instance at 0x7f48769d7c68>\n\n    def test_object_final_position(self):\n        \"\"\" Checking if the designated obstacle is between lucys grippers.\n        \"\"\"\n        object_properties = object_information(self.config.Obstacles_for_pick, 'pick_action_end')\n        lucy_gripper_l, lucy_gripper_r = lucy_gripper_information()\n>       assert lucy_gripper_l[0] <= object_properties[0] <= lucy_gripper_r[0]\nE       assert 0.755 <= 0.171\n\ntests/pick_test.py:124: AssertionError"}, "attachments": [{"source": "eda093cd-ccb8-4fb6-b1c8-95fa4f90e447-attachment.txt", "type": "text/plain", "name": "log"}, {"source": "1356143b-6e45-4327-8b82-172c6f2ca7e9-attachment.txt", "type": "text/plain", "name": "stdout"}, {"source": "ee4736de-e128-484a-a489-53259880ead1-attachment.txt", "type": "text/plain", "name": "stderr"}]}