{"status": "failed", "description": "Checking if the projected position of the robot matches \n        the position in the simulator.\n        ", "labels": [{"name": "parentSuite", "value": "tests"}, {"name": "suite", "value": "nav_test"}, {"name": "subSuite", "value": "TestNavigation"}, {"name": "host", "value": "Hyper-Dock"}, {"name": "thread", "value": "5695-MainThread"}, {"name": "framework", "value": "pytest"}, {"name": "language", "value": "cpython2"}, {"name": "package", "value": "tests.nav_test"}], "stop": 1607974810402, "uuid": "e960642a-45f2-41aa-b0c7-1a3589205f56", "historyId": "da42e921dec2f259a7b181326455b855", "name": "test_destination_verification", "start": 1607974810333, "fullName": "tests.nav_test.TestNavigation#test_destination_verification", "statusDetails": {"message": "AssertionError: assert 0 <= (-0.8109999999999999 + 0.45)", "trace": "self = <tests.nav_test.TestNavigation instance at 0x7f2b9af4dcf8>\n\n    def test_destination_verification(self):\n        \"\"\"Checking if the projected position of the robot matches\n        the position in the simulator.\n        \"\"\"\n        hx,hy,hz = log_hsrb_reader()[0], log_hsrb_reader()[1], log_hsrb_reader()[2]\n>       assert hx-0.45 <= coord_x <= hx+0.45\nE       assert 0 <= (-0.8109999999999999 + 0.45)\n\ntests/nav_test.py:131: AssertionError"}, "attachments": [{"source": "06ab1ea2-3f37-414e-a744-eea6ff1656e8-attachment.txt", "type": "text/plain", "name": "log"}, {"source": "a7436fb1-d191-4653-bd03-37e0bc37bcab-attachment.txt", "type": "text/plain", "name": "stdout"}, {"source": "1fe8c82c-ad72-4b01-9486-55ada30528fb-attachment.txt", "type": "text/plain", "name": "stderr"}]}