{"status": "failed", "description": "Checking if the projected position of the robot matches \n        the position in the simulator.\n        ", "labels": [{"name": "parentSuite", "value": "tests"}, {"name": "suite", "value": "complex_test"}, {"name": "subSuite", "value": "TestComplexScenario"}, {"name": "host", "value": "Hyper-Dock"}, {"name": "thread", "value": "30923-MainThread"}, {"name": "framework", "value": "pytest"}, {"name": "language", "value": "cpython2"}, {"name": "package", "value": "tests.complex_test"}], "stop": 1608390351102, "uuid": "6e95d1ad-b97d-4cb1-ad4f-12cfb1ee171f", "historyId": "b76f73e5ce853a227cb714691a413035", "name": "test_destination_verification", "start": 1608390351019, "fullName": "tests.complex_test.TestComplexScenario#test_destination_verification", "statusDetails": {"message": "AssertionError: assert (0.531 - 0.25) <= 0.0", "trace": "self = <tests.complex_test.TestComplexScenario instance at 0x7fd7927aeb90>\n\n    def test_destination_verification(self):\n        \"\"\"Checking if the projected position of the robot matches\n        the position in the simulator.\n        \"\"\"\n        hx,hy,hz = log_hsrb_reader()[0], log_hsrb_reader()[1], log_hsrb_reader()[2]\n>       assert hx-0.25 <= destination_coord[0] <= hx+0.25\nE       assert (0.531 - 0.25) <= 0.0\n\ntests/complex_test.py:108: AssertionError"}, "attachments": [{"source": "d0d1a328-07c5-48b4-91e5-97cacbd2c485-attachment.txt", "type": "text/plain", "name": "log"}, {"source": "fc4e7156-3236-4ca6-aca2-8028e4df79e3-attachment.txt", "type": "text/plain", "name": "stdout"}, {"source": "bad2939f-72c5-4c2b-9c2a-2c57dcd5b02f-attachment.txt", "type": "text/plain", "name": "stderr"}]}