{"name": "test_verification_of_navigation", "status": "failed", "statusDetails": {"message": "AssertionError: assert False == True\n  +False\n  -True", "trace": "self = <nav_test.TestNavigation object at 0x7f4fc3a0d6a0>\nrandomizer = <function TestNavigation.randomizer.<locals>._parameters at 0x7f4fc2961940>\n\n    def test_verification_of_navigation(self,randomizer):\n        \"\"\"Defines a scenario for the rest of the tests to run in using coodrinates.\n        \"\"\"\n        coord_x, coord_y, direction = randomizer(-2,2),randomizer(-2,2),randomizer(0,360)\n        destination_coord.append(coord_x)\n        destination_coord.append(coord_y)\n        # data_logger('logger/logs/nav_start')\n        result = pose_action_client(coord_x, coord_y, direction)\n        # data_logger('logger/logs/nav_end')\n>       assert result == True\nE       assert False == True\nE         +False\nE         -True\n\nnav_test.py:103: AssertionError"}, "description": "Defines a scenario for the rest of the tests to run in using coodrinates.\n        ", "attachments": [{"name": "log", "source": "639bfde5-1a4e-414d-b7fe-fa9b7e542e9e-attachment.txt", "type": "text/plain"}], "start": 1656501701087, "stop": 1656501705277, "uuid": "28236757-4979-4e9b-a1cc-3c4546cdcda4", "historyId": "ba6902015cb9450d2de8d172ac76cf0f", "testCaseId": "807c1e7d37a89f96ae430cc1a14af8cf", "fullName": "src.property_based_tester.tests.nav_test.TestNavigation#test_verification_of_navigation", "labels": [{"name": "tag", "value": "@pytest.mark.usefixtures('set_up')"}, {"name": "parentSuite", "value": "src.property_based_tester.tests"}, {"name": "suite", "value": "nav_test"}, {"name": "subSuite", "value": "TestNavigation"}, {"name": "host", "value": "legion"}, {"name": "thread", "value": "38416-MainThread"}, {"name": "framework", "value": "pytest"}, {"name": "language", "value": "cpython3"}, {"name": "package", "value": "src.property_based_tester.tests.nav_test"}]}