{"status": "failed", "description": "Checking if the projected position of the robot matches \n        the position in the simulator.\n        ", "labels": [{"name": "parentSuite", "value": "tests"}, {"name": "suite", "value": "nav_test"}, {"name": "subSuite", "value": "TestNavigation"}, {"name": "host", "value": "Hyper-Dock"}, {"name": "thread", "value": "5629-MainThread"}, {"name": "framework", "value": "pytest"}, {"name": "language", "value": "cpython2"}, {"name": "package", "value": "tests.nav_test"}], "stop": 1607974712218, "uuid": "b13cc3a4-707b-4c2c-bf39-f6b288ab8f85", "historyId": "da42e921dec2f259a7b181326455b855", "name": "test_destination_verification", "start": 1607974712130, "fullName": "tests.nav_test.TestNavigation#test_destination_verification", "statusDetails": {"message": "AssertionError: assert 0 <= (-0.8109999999999999 + 0.3)", "trace": "self = <tests.nav_test.TestNavigation instance at 0x7fe90a8e6128>\n\n    def test_destination_verification(self):\n        \"\"\"Checking if the projected position of the robot matches\n        the position in the simulator.\n        \"\"\"\n        hx,hy,hz = log_hsrb_reader()[0], log_hsrb_reader()[1], log_hsrb_reader()[2]\n>       assert hx-0.3 <= coord_x <= hx+0.3\nE       assert 0 <= (-0.8109999999999999 + 0.3)\n\ntests/nav_test.py:131: AssertionError"}, "attachments": [{"source": "9988c228-1b2c-4981-a104-2924d518e667-attachment.txt", "type": "text/plain", "name": "log"}, {"source": "c91d5064-5aee-481a-b100-692ff1df7b0a-attachment.txt", "type": "text/plain", "name": "stdout"}, {"source": "5e8ad919-3713-40b1-a739-444db9b4b81f-attachment.txt", "type": "text/plain", "name": "stderr"}]}