{"name": "test_verification_of_navigation", "status": "failed", "statusDetails": {"message": "AssertionError: assert False == True\n  +False\n  -True", "trace": "self = <nav_test.TestNavigation object at 0x7ff0f6a1b6d0>\nrandomizer = <function TestNavigation.randomizer.<locals>._parameters at 0x7ff0f4138430>\n\n    def test_verification_of_navigation(self,randomizer):\n        \"\"\"Defines a scenario for the rest of the tests to run in using coodrinates.\n        \"\"\"\n        coord_x, coord_y, direction = randomizer(-2,2),randomizer(-2,2),randomizer(0,360)\n        destination_coord.append(coord_x)\n        destination_coord.append(coord_y)\n        data_logger(self.config.workspace+'/src/property_based_tester/temporal_cache/logs/nav_start')\n        result = pose_action_client(coord_x, coord_y, direction)\n        # data_logger('logger/logs/nav_end')\n>       assert result == True\nE       assert False == True\nE         +False\nE         -True\n\nnav_test.py:103: AssertionError"}, "description": "Defines a scenario for the rest of the tests to run in using coodrinates.\n        ", "attachments": [{"name": "log", "source": "7c487a77-ffec-456e-9b73-67a3a1a093e6-attachment.txt", "type": "text/plain"}], "start": 1656508136777, "stop": 1656508753384, "uuid": "89571e37-c90f-447f-a18b-3f0aac4d2622", "historyId": "ba6902015cb9450d2de8d172ac76cf0f", "testCaseId": "807c1e7d37a89f96ae430cc1a14af8cf", "fullName": "src.property_based_tester.tests.nav_test.TestNavigation#test_verification_of_navigation", "labels": [{"name": "tag", "value": "@pytest.mark.usefixtures('set_up')"}, {"name": "parentSuite", "value": "src.property_based_tester.tests"}, {"name": "suite", "value": "nav_test"}, {"name": "subSuite", "value": "TestNavigation"}, {"name": "host", "value": "legion"}, {"name": "thread", "value": "48953-MainThread"}, {"name": "framework", "value": "pytest"}, {"name": "language", "value": "cpython3"}, {"name": "package", "value": "src.property_based_tester.tests.nav_test"}]}