{"status": "failed", "description": "Checking if the projected position of the robot matches \n        the position in the simulator.\n        ", "labels": [{"name": "parentSuite", "value": "tests"}, {"name": "suite", "value": "nav_test"}, {"name": "subSuite", "value": "TestNavigation"}, {"name": "host", "value": "Hyper-Dock"}, {"name": "thread", "value": "6190-MainThread"}, {"name": "framework", "value": "pytest"}, {"name": "language", "value": "cpython2"}, {"name": "package", "value": "tests.nav_test"}], "stop": 1607975227960, "uuid": "853b2369-234a-4c42-a13e-872ddec8b23e", "historyId": "da42e921dec2f259a7b181326455b855", "name": "test_destination_verification", "start": 1607975227897, "fullName": "tests.nav_test.TestNavigation#test_destination_verification", "statusDetails": {"message": "AssertionError: assert [0, -2] <= (-0.8109999999999999 + 0.45)", "trace": "self = <tests.nav_test.TestNavigation instance at 0x7f51ba6e3878>\n\n    def test_destination_verification(self):\n        \"\"\"Checking if the projected position of the robot matches\n        the position in the simulator.\n        \"\"\"\n        hx,hy,hz = log_hsrb_reader()[0], log_hsrb_reader()[1], log_hsrb_reader()[2]\n>       assert hx-0.45 <= destination_coord[0] <= hx+0.45\nE       assert [0, -2] <= (-0.8109999999999999 + 0.45)\n\ntests/nav_test.py:130: AssertionError"}, "attachments": [{"source": "097358a7-3d86-4d57-be3b-1a8d88695fe1-attachment.txt", "type": "text/plain", "name": "log"}, {"source": "35e02953-7e23-46be-b150-05d69567b1f2-attachment.txt", "type": "text/plain", "name": "stdout"}, {"source": "8b661c0a-d1ec-4095-a318-dd8b3b85f32f-attachment.txt", "type": "text/plain", "name": "stderr"}]}