{"status": "failed", "description": "Checking if the projected position of the robot matches \n        the position in the simulator.\n        ", "labels": [{"name": "parentSuite", "value": "tests"}, {"name": "suite", "value": "nav_test"}, {"name": "subSuite", "value": "TestNavigation"}, {"name": "host", "value": "Hyper-Dock"}, {"name": "thread", "value": "5886-MainThread"}, {"name": "framework", "value": "pytest"}, {"name": "language", "value": "cpython2"}, {"name": "package", "value": "tests.nav_test"}], "stop": 1607974912732, "uuid": "a30cc7a3-a585-432a-8c72-3785644be0f6", "historyId": "da42e921dec2f259a7b181326455b855", "name": "test_destination_verification", "start": 1607974912665, "fullName": "tests.nav_test.TestNavigation#test_destination_verification", "statusDetails": {"message": "AssertionError: assert 0 <= (-0.8109999999999999 + 0.45)", "trace": "self = <tests.nav_test.TestNavigation instance at 0x7f496f103b90>\n\n    def test_destination_verification(self):\n        \"\"\"Checking if the projected position of the robot matches\n        the position in the simulator.\n        \"\"\"\n        hx,hy,hz = log_hsrb_reader()[0], log_hsrb_reader()[1], log_hsrb_reader()[2]\n>       assert hx-0.45 <= coord_x <= hx+0.45\nE       assert 0 <= (-0.8109999999999999 + 0.45)\n\ntests/nav_test.py:132: AssertionError"}, "attachments": [{"source": "af10c1aa-4106-487e-9f13-84799cecb550-attachment.txt", "type": "text/plain", "name": "log"}, {"source": "7efdd23c-9dfb-45bd-b025-412f853692be-attachment.txt", "type": "text/plain", "name": "stdout"}, {"source": "4ee261df-6c0c-4d2c-80ea-c1dfccfb3103-attachment.txt", "type": "text/plain", "name": "stderr"}]}