{"name": "test_verification_of_navigation", "status": "failed", "statusDetails": {"message": "AssertionError: assert False == True\n  +False\n  -True", "trace": "self = <nav_test.TestNavigation object at 0x7f7246f5cd30>\nrandomizer = <function TestNavigation.randomizer.<locals>._parameters at 0x7f7245f155e0>\n\n    def test_verification_of_navigation(self,randomizer):\n        \"\"\"Defines a scenario for the rest of the tests to run in using coodrinates.\n        \"\"\"\n        coord_x, coord_y, direction = randomizer(-2,2),randomizer(-2,2),randomizer(0,360)\n        destination_coord.append(coord_x)\n        destination_coord.append(coord_y)\n        # data_logger('logger/logs/nav_start')\n        result = pose_action_client(coord_x, coord_y, direction)\n        # data_logger('logger/logs/nav_end')\n>       assert result == True\nE       assert False == True\nE         +False\nE         -True\n\nnav_test.py:103: AssertionError"}, "description": "Defines a scenario for the rest of the tests to run in using coodrinates.\n        ", "attachments": [{"name": "log", "source": "ecd54bab-8ccd-4469-a16d-4fd3f20b70e7-attachment.txt", "type": "text/plain"}], "start": 1656501089367, "stop": 1656501173822, "uuid": "7d328c24-26e6-4f02-88f3-420ceeabf227", "historyId": "ba6902015cb9450d2de8d172ac76cf0f", "testCaseId": "807c1e7d37a89f96ae430cc1a14af8cf", "fullName": "src.property_based_tester.tests.nav_test.TestNavigation#test_verification_of_navigation", "labels": [{"name": "tag", "value": "@pytest.mark.usefixtures('set_up')"}, {"name": "parentSuite", "value": "src.property_based_tester.tests"}, {"name": "suite", "value": "nav_test"}, {"name": "subSuite", "value": "TestNavigation"}, {"name": "host", "value": "legion"}, {"name": "thread", "value": "37027-MainThread"}, {"name": "framework", "value": "pytest"}, {"name": "language", "value": "cpython3"}, {"name": "package", "value": "src.property_based_tester.tests.nav_test"}]}