{"status": "failed", "description": " Checking if the designated obstacle is between lucys grippers.\n        ", "labels": [{"name": "parentSuite", "value": "tests"}, {"name": "suite", "value": "pick_test"}, {"name": "subSuite", "value": "TestPickAction"}, {"name": "host", "value": "Hyper-Dock"}, {"name": "thread", "value": "24677-MainThread"}, {"name": "framework", "value": "pytest"}, {"name": "language", "value": "cpython2"}, {"name": "package", "value": "tests.pick_test"}], "stop": 1607980391787, "uuid": "8263666b-a748-4788-b052-70938133a5f5", "historyId": "111d6d3d288d144e2d2601e611b93222", "name": "test_object_final_position", "start": 1607980391762, "fullName": "tests.pick_test.TestPickAction#test_object_final_position", "statusDetails": {"message": "AssertionError: assert 0.755 <= 0.171", "trace": "self = <tests.pick_test.TestPickAction instance at 0x7fca9e3f1710>\n\n    def test_object_final_position(self):\n        \"\"\" Checking if the designated obstacle is between lucys grippers.\n        \"\"\"\n        object_properties = object_information(self.config.Obstacles_for_pick, 'pick_action_end')\n        lucy_gripper_l, lucy_gripper_r = lucy_gripper_information()\n>       assert lucy_gripper_l[0] <= object_properties[0] <= lucy_gripper_r[0]\nE       assert 0.755 <= 0.171\n\ntests/pick_test.py:124: AssertionError"}, "attachments": [{"source": "f5a7d772-d438-4dbb-b5c8-893c6c7531d0-attachment.txt", "type": "text/plain", "name": "log"}, {"source": "c57df13e-6fd3-42c9-9caf-5ffd9ee60f5b-attachment.txt", "type": "text/plain", "name": "stdout"}, {"source": "be8e0a0d-acb6-447d-bc23-d5d1e8df760d-attachment.txt", "type": "text/plain", "name": "stderr"}]}