{"status": "failed", "description": "Checking if the projected position of the robot matches \n        the position in the simulator.\n        ", "labels": [{"name": "parentSuite", "value": "tests"}, {"name": "suite", "value": "nav_test"}, {"name": "subSuite", "value": "TestNavigation"}, {"name": "host", "value": "Hyper-Dock"}, {"name": "thread", "value": "5773-MainThread"}, {"name": "framework", "value": "pytest"}, {"name": "language", "value": "cpython2"}, {"name": "package", "value": "tests.nav_test"}], "stop": 1607974854465, "uuid": "ac26edd9-9daa-4db2-b1f1-20ae9e2db002", "historyId": "da42e921dec2f259a7b181326455b855", "name": "test_destination_verification", "start": 1607974854398, "fullName": "tests.nav_test.TestNavigation#test_destination_verification", "statusDetails": {"message": "AssertionError: assert 0 <= (-0.8109999999999999 + 0.45)", "trace": "self = <tests.nav_test.TestNavigation instance at 0x7f6c1cc12440>\n\n    def test_destination_verification(self):\n        \"\"\"Checking if the projected position of the robot matches\n        the position in the simulator.\n        \"\"\"\n        hx,hy,hz = log_hsrb_reader()[0], log_hsrb_reader()[1], log_hsrb_reader()[2]\n>       assert hx-0.45 <= coord_x <= hx+0.45\nE       assert 0 <= (-0.8109999999999999 + 0.45)\n\ntests/nav_test.py:131: AssertionError"}, "attachments": [{"source": "3e7d969a-fb9a-49c8-8992-693565639265-attachment.txt", "type": "text/plain", "name": "log"}, {"source": "a9bd9872-904d-4a24-9926-e61aabffaaa3-attachment.txt", "type": "text/plain", "name": "stdout"}, {"source": "d0ddf320-1ff2-4d43-ad2b-afe8919530d8-attachment.txt", "type": "text/plain", "name": "stderr"}]}