{"status": "failed", "description": "Checking if the projected position of the robot has not gone out of the boundary. \n        The boundary is the test lab navigation map and its dimensions are 10x10 m^2.\n        ", "labels": [{"name": "parentSuite", "value": "tests"}, {"name": "suite", "value": "complex_test"}, {"name": "subSuite", "value": "TestComplexScenario"}, {"name": "host", "value": "Hyper-Dock"}, {"name": "thread", "value": "31814-MainThread"}, {"name": "framework", "value": "pytest"}, {"name": "language", "value": "cpython2"}, {"name": "package", "value": "tests.complex_test"}], "stop": 1608337971995, "uuid": "d6c0ed16-13ca-42ae-9380-ec810d6a3b4a", "historyId": "4b91877f8d48ad9c41766d56b63b723b", "name": "test_operation_zone_verification", "start": 1608337971896, "fullName": "tests.complex_test.TestComplexScenario#test_operation_zone_verification", "statusDetails": {"message": "AssertionError: assert -5 <= None", "trace": "self = <tests.complex_test.TestComplexScenario instance at 0x7fa2d769e878>\n\n    def test_operation_zone_verification(self):\n        \"\"\"Checking if the projected position of the robot has not gone out of the boundary.\n        The boundary is the test lab navigation map and its dimensions are 10x10 m^2.\n        \"\"\"\n        hx,hy,hz = log_hsrb_reader()[0], log_hsrb_reader()[1], log_hsrb_reader()[2]\n        omni = OmniListener()\n        omni.omnibase_listener()\n        x,y,z = omni.x, omni.y, omni.z\n        assert -5 <= hx <= 5\n        assert -5 <= hy <= 5\n>       assert -5 <= x <= 5\nE       assert -5 <= None\n\ntests/complex_test.py:121: AssertionError"}, "attachments": [{"source": "acd439cc-f77d-42dd-b4c4-8fc7e125682d-attachment.txt", "type": "text/plain", "name": "log"}, {"source": "981bf049-d958-4832-868f-158cc0346021-attachment.txt", "type": "text/plain", "name": "stdout"}, {"source": "f1d3aab5-495e-4d15-814a-76eec05dd7d8-attachment.txt", "type": "text/plain", "name": "stderr"}]}