{"status": "failed", "description": "Checking if the projected position of the robot matches \n        the position in the simulator.\n        ", "labels": [{"name": "parentSuite", "value": "tests"}, {"name": "suite", "value": "nav_test"}, {"name": "subSuite", "value": "TestNavigation"}, {"name": "host", "value": "Hyper-Dock"}, {"name": "thread", "value": "6038-MainThread"}, {"name": "framework", "value": "pytest"}, {"name": "language", "value": "cpython2"}, {"name": "package", "value": "tests.nav_test"}], "stop": 1607975062452, "uuid": "b659145d-eff8-4a27-a8a1-2d2a56b3a83d", "historyId": "da42e921dec2f259a7b181326455b855", "name": "test_destination_verification", "start": 1607975062384, "fullName": "tests.nav_test.TestNavigation#test_destination_verification", "statusDetails": {"message": "AssertionError: assert 5 <= (-0.8109999999999999 + 0.45)\n +  where 5 = <tests.nav_test.TestNavigation instance at 0x7f9065159cf8>.coord_x", "trace": "self = <tests.nav_test.TestNavigation instance at 0x7f9065159cf8>\n\n    def test_destination_verification(self):\n        \"\"\"Checking if the projected position of the robot matches\n        the position in the simulator.\n        \"\"\"\n        hx,hy,hz = log_hsrb_reader()[0], log_hsrb_reader()[1], log_hsrb_reader()[2]\n>       assert hx-0.45 <= self.coord_x <= hx+0.45\nE       assert 5 <= (-0.8109999999999999 + 0.45)\nE        +  where 5 = <tests.nav_test.TestNavigation instance at 0x7f9065159cf8>.coord_x\n\ntests/nav_test.py:131: AssertionError"}, "attachments": [{"source": "a29186ae-b4b4-4749-b4dd-1a7a3b2b48d9-attachment.txt", "type": "text/plain", "name": "log"}, {"source": "7386d1ac-0ee4-4ba9-a5b7-ba45e7408e51-attachment.txt", "type": "text/plain", "name": "stdout"}, {"source": "947ada68-799c-4207-80a3-7344d4ba6ea6-attachment.txt", "type": "text/plain", "name": "stderr"}]}