{"status": "failed", "description": "Checking if the projected position of the robot matches \n        the position in the simulator.\n        ", "labels": [{"name": "parentSuite", "value": "tests"}, {"name": "suite", "value": "nav_test"}, {"name": "subSuite", "value": "TestNavigation"}, {"name": "host", "value": "Hyper-Dock"}, {"name": "thread", "value": "5837-MainThread"}, {"name": "framework", "value": "pytest"}, {"name": "language", "value": "cpython2"}, {"name": "package", "value": "tests.nav_test"}], "stop": 1607974890808, "uuid": "18f5c1c3-d966-4dec-834e-0013cf20b37f", "historyId": "da42e921dec2f259a7b181326455b855", "name": "test_destination_verification", "start": 1607974890723, "fullName": "tests.nav_test.TestNavigation#test_destination_verification", "statusDetails": {"message": "AssertionError: assert 0 <= (-0.8109999999999999 + 0.45)", "trace": "self = <tests.nav_test.TestNavigation instance at 0x7f45c26e3710>\n\n    def test_destination_verification(self):\n        \"\"\"Checking if the projected position of the robot matches\n        the position in the simulator.\n        \"\"\"\n        hx,hy,hz = log_hsrb_reader()[0], log_hsrb_reader()[1], log_hsrb_reader()[2]\n>       assert hx-0.45 <= coord_x <= hx+0.45\nE       assert 0 <= (-0.8109999999999999 + 0.45)\n\ntests/nav_test.py:132: AssertionError"}, "attachments": [{"source": "49d8ad4b-166c-4e1c-9d38-922dacf17b69-attachment.txt", "type": "text/plain", "name": "log"}, {"source": "66e2361b-c367-4b33-9831-5fe797b33d74-attachment.txt", "type": "text/plain", "name": "stdout"}, {"source": "33c7f966-1790-4859-b7bb-169a98a6c9d9-attachment.txt", "type": "text/plain", "name": "stderr"}]}