{"status": "failed", "description": " Checking if the designated obstacle is between lucys grippers.\n        ", "labels": [{"name": "parentSuite", "value": "tests"}, {"name": "suite", "value": "pick_test"}, {"name": "subSuite", "value": "TestPickAction"}, {"name": "host", "value": "Hyper-Dock"}, {"name": "thread", "value": "24787-MainThread"}, {"name": "framework", "value": "pytest"}, {"name": "language", "value": "cpython2"}, {"name": "package", "value": "tests.pick_test"}], "stop": 1607980435385, "uuid": "f41c5683-fdb8-4150-9c3a-f14e76b00201", "historyId": "111d6d3d288d144e2d2601e611b93222", "name": "test_object_final_position", "start": 1607980435359, "fullName": "tests.pick_test.TestPickAction#test_object_final_position", "statusDetails": {"message": "AssertionError: assert 0.755 <= 0.217", "trace": "self = <tests.pick_test.TestPickAction instance at 0x7f4878b81c68>\n\n    def test_object_final_position(self):\n        \"\"\" Checking if the designated obstacle is between lucys grippers.\n        \"\"\"\n        object_properties = object_information(self.config.Obstacles_for_pick, 'pick_action_end')\n        lucy_gripper_l, lucy_gripper_r = lucy_gripper_information()\n>       assert lucy_gripper_l[0] <= object_properties[0] <= lucy_gripper_r[0]\nE       assert 0.755 <= 0.217\n\ntests/pick_test.py:125: AssertionError"}, "attachments": [{"source": "0cbb617c-505a-42be-8389-cb69772720e2-attachment.txt", "type": "text/plain", "name": "log"}, {"source": "68162e92-5260-4154-9c40-832d60ce16eb-attachment.txt", "type": "text/plain", "name": "stdout"}, {"source": "7d28dc38-ac15-48f0-ac12-1ea7744b090b-attachment.txt", "type": "text/plain", "name": "stderr"}]}