{"status": "failed", "description": "Checking if the projected position of the robot matches \n        the position in the simulator.\n        ", "labels": [{"name": "parentSuite", "value": "tests"}, {"name": "suite", "value": "nav_test"}, {"name": "subSuite", "value": "TestNavigation"}, {"name": "host", "value": "Hyper-Dock"}, {"name": "thread", "value": "6252-MainThread"}, {"name": "framework", "value": "pytest"}, {"name": "language", "value": "cpython2"}, {"name": "package", "value": "tests.nav_test"}], "stop": 1607975272592, "uuid": "708b52e1-0b95-4868-9986-b810f2cd6edc", "historyId": "da42e921dec2f259a7b181326455b855", "name": "test_destination_verification", "start": 1607975272520, "fullName": "tests.nav_test.TestNavigation#test_destination_verification", "statusDetails": {"message": "AssertionError: assert 0 <= (-0.8109999999999999 + 0.45)", "trace": "self = <tests.nav_test.TestNavigation instance at 0x7f853d984200>\n\n    def test_destination_verification(self):\n        \"\"\"Checking if the projected position of the robot matches\n        the position in the simulator.\n        \"\"\"\n        hx,hy,hz = log_hsrb_reader()[0], log_hsrb_reader()[1], log_hsrb_reader()[2]\n>       assert hx-0.45 <= destination_coord[0] <= hx+0.45\nE       assert 0 <= (-0.8109999999999999 + 0.45)\n\ntests/nav_test.py:131: AssertionError"}, "attachments": [{"source": "362293b2-d23c-48d8-bd27-ce13bb7f3ad2-attachment.txt", "type": "text/plain", "name": "log"}, {"source": "4d822773-46f7-440a-a212-ed8e3240f3e9-attachment.txt", "type": "text/plain", "name": "stdout"}, {"source": "05cb4ab6-f5a3-4d4e-a0c2-f4ff1bbc08fb-attachment.txt", "type": "text/plain", "name": "stderr"}]}